<?xml version="1.0" encoding="UTF-8"?>
<coverage generated="1482491943">
  <project timestamp="1482491943">
    <package name="App\Models">
      <file name="/var/www/html/app/Models/Comentarios.php">
        <class name="Comentarios" namespace="App\Models" fullPackage="App" package="App">
          <metrics complexity="5" methods="3" coveredmethods="3" conditionals="0" coveredconditionals="0" statements="16" coveredstatements="16" elements="19" coveredelements="19"/>
        </class>
        <line num="49" type="method" name="users" visibility="public" complexity="1" crap="1" count="2"/>
        <line num="50" type="stmt" count="2"/>
        <line num="56" type="method" name="consultar" visibility="public" complexity="3" crap="3" count="2"/>
        <line num="57" type="stmt" count="2"/>
        <line num="59" type="stmt" count="2"/>
        <line num="60" type="stmt" count="1"/>
        <line num="61" type="stmt" count="1"/>
        <line num="62" type="stmt" count="1"/>
        <line num="65" type="stmt" count="2"/>
        <line num="67" type="stmt" count="2"/>
        <line num="68" type="stmt" count="2"/>
        <line num="69" type="stmt" count="1"/>
        <line num="70" type="stmt" count="1"/>
        <line num="71" type="stmt" count="1"/>
        <line num="74" type="stmt" count="1"/>
        <line num="76" type="stmt" count="1"/>
        <line num="77" type="method" name="anonymous function" complexity="1" crap="1" count="2"/>
        <line num="78" type="stmt" count="1"/>
        <line num="79" type="stmt" count="2"/>
        <metrics loc="81" ncloc="59" classes="1" methods="3" coveredmethods="3" conditionals="0" coveredconditionals="0" statements="16" coveredstatements="16" elements="19" coveredelements="19"/>
      </file>
      <file name="/var/www/html/app/Models/Estudos.php">
        <class name="Estudos" namespace="App\Models" fullPackage="App" package="App">
          <metrics complexity="4" methods="3" coveredmethods="3" conditionals="0" coveredconditionals="0" statements="6" coveredstatements="6" elements="9" coveredelements="9"/>
        </class>
        <line num="40" type="method" name="grupos" visibility="public" complexity="1" crap="1" count="1"/>
        <line num="41" type="stmt" count="1"/>
        <line num="44" type="method" name="getEstudosGrupo" visibility="public" complexity="2" crap="2" count="2"/>
        <line num="45" type="stmt" count="2"/>
        <line num="46" type="stmt" count="2"/>
        <line num="47" type="stmt" count="1"/>
        <line num="49" type="stmt" count="1"/>
        <line num="52" type="method" name="apagarEstudosGrupo" visibility="public" complexity="1" crap="1" count="2"/>
        <line num="53" type="stmt" count="2"/>
        <metrics loc="55" ncloc="36" classes="1" methods="3" coveredmethods="3" conditionals="0" coveredconditionals="0" statements="6" coveredstatements="6" elements="9" coveredelements="9"/>
      </file>
      <file name="/var/www/html/app/Models/Grupos.php">
        <class name="Grupos" namespace="App\Models" fullPackage="App" package="App">
          <metrics complexity="4" methods="4" coveredmethods="4" conditionals="0" coveredconditionals="0" statements="4" coveredstatements="4" elements="8" coveredelements="8"/>
        </class>
        <line num="35" type="method" name="itens" visibility="public" complexity="1" crap="1" count="1"/>
        <line num="36" type="stmt" count="1"/>
        <line num="43" type="method" name="uasgs" visibility="public" complexity="1" crap="1" count="1"/>
        <line num="44" type="stmt" count="1"/>
        <line num="51" type="method" name="estudos" visibility="public" complexity="1" crap="1" count="3"/>
        <line num="52" type="stmt" count="3"/>
        <line num="60" type="method" name="Riscos" visibility="public" complexity="1" crap="1" count="2"/>
        <line num="61" type="stmt" count="2"/>
        <metrics loc="63" ncloc="37" classes="1" methods="4" coveredmethods="4" conditionals="0" coveredconditionals="0" statements="4" coveredstatements="4" elements="8" coveredelements="8"/>
      </file>
      <file name="/var/www/html/app/Models/HistoricoTramitacoes.php">
        <class name="HistoricoTramitacoes" namespace="App\Models" fullPackage="App" package="App">
          <metrics complexity="14" methods="5" coveredmethods="5" conditionals="0" coveredconditionals="0" statements="30" coveredstatements="30" elements="35" coveredelements="35"/>
        </class>
        <line num="62" type="method" name="buscarSituacoes" visibility="public" complexity="3" crap="3" count="17"/>
        <line num="63" type="stmt" count="17"/>
        <line num="64" type="stmt" count="16"/>
        <line num="65" type="stmt" count="16"/>
        <line num="66" type="stmt" count="15"/>
        <line num="68" type="stmt" count="1"/>
        <line num="71" type="stmt" count="1"/>
        <line num="75" type="method" name="buscarSituacaoPorPerfil" visibility="public" complexity="3" crap="3" count="3"/>
        <line num="77" type="stmt" count="3"/>
        <line num="78" type="stmt" count="2"/>
        <line num="79" type="stmt" count="2"/>
        <line num="80" type="stmt" count="1"/>
        <line num="82" type="stmt" count="1"/>
        <line num="85" type="stmt" count="1"/>
        <line num="93" type="method" name="users" visibility="public" complexity="1" crap="1" count="1"/>
        <line num="94" type="stmt" count="1"/>
        <line num="100" type="method" name="consultar" visibility="public" complexity="5" crap="5" count="2"/>
        <line num="101" type="stmt" count="2"/>
        <line num="103" type="stmt" count="2"/>
        <line num="104" type="stmt" count="1"/>
        <line num="105" type="stmt" count="1"/>
        <line num="106" type="stmt" count="1"/>
        <line num="109" type="stmt" count="2"/>
        <line num="111" type="stmt" count="2"/>
        <line num="112" type="stmt" count="2"/>
        <line num="113" type="stmt" count="1"/>
        <line num="114" type="stmt" count="1"/>
        <line num="115" type="stmt" count="1"/>
        <line num="118" type="stmt" count="1"/>
        <line num="120" type="stmt" count="1"/>
        <line num="122" type="stmt" count="1"/>
        <line num="124" type="stmt" count="1"/>
        <line num="125" type="method" name="anonymous function" complexity="2" crap="2" count="2"/>
        <line num="126" type="stmt" count="1"/>
        <line num="127" type="stmt" count="2"/>
        <metrics loc="129" ncloc="103" classes="1" methods="5" coveredmethods="5" conditionals="0" coveredconditionals="0" statements="30" coveredstatements="30" elements="35" coveredelements="35"/>
      </file>
      <file name="/var/www/html/app/Models/Itens.php">
        <class name="Itens" namespace="App\Models" fullPackage="App" package="App">
          <metrics complexity="106" methods="23" coveredmethods="21" conditionals="0" coveredconditionals="0" statements="398" coveredstatements="388" elements="421" coveredelements="409"/>
        </class>
        <line num="94" type="method" name="Comentarios" visibility="public" complexity="1" crap="1" count="1"/>
        <line num="95" type="stmt" count="1"/>
        <line num="102" type="method" name="Grupos" visibility="public" complexity="1" crap="1" count="3"/>
        <line num="103" type="stmt" count="3"/>
        <line num="110" type="method" name="Planejamentos" visibility="public" complexity="1" crap="1" count="4"/>
        <line num="111" type="stmt" count="4"/>
        <line num="118" type="method" name="Subitens" visibility="public" complexity="1" crap="1" count="2"/>
        <line num="119" type="stmt" count="2"/>
        <line num="126" type="method" name="HistoricoTramitacoes" visibility="public" complexity="1" crap="1" count="1"/>
        <line num="127" type="stmt" count="1"/>
        <line num="135" type="method" name="consultar" visibility="public" complexity="14" crap="14.60" count="3"/>
        <line num="136" type="stmt" count="3"/>
        <line num="137" type="stmt" count="3"/>
        <line num="139" type="stmt" count="3"/>
        <line num="140" type="stmt" count="3"/>
        <line num="142" type="stmt" count="3"/>
        <line num="153" type="stmt" count="3"/>
        <line num="154" type="stmt" count="3"/>
        <line num="156" type="stmt" count="3"/>
        <line num="157" type="stmt" count="3"/>
        <line num="159" type="stmt" count="3"/>
        <line num="160" type="stmt" count="1"/>
        <line num="161" type="stmt" count="1"/>
        <line num="162" type="stmt" count="1"/>
        <line num="167" type="stmt" count="1"/>
        <line num="169" type="stmt" count="1"/>
        <line num="170" type="stmt" count="1"/>
        <line num="172" type="stmt" count="3"/>
        <line num="173" type="stmt" count="3"/>
        <line num="178" type="stmt" count="3"/>
        <line num="179" type="stmt" count="3"/>
        <line num="181" type="stmt" count="3"/>
        <line num="182" type="stmt" count="2"/>
        <line num="183" type="stmt" count="2"/>
        <line num="185" type="stmt" count="3"/>
        <line num="186" type="stmt" count="3"/>
        <line num="187" type="stmt" count="3"/>
        <line num="189" type="stmt" count="3"/>
        <line num="190" type="stmt" count="3"/>
        <line num="191" type="stmt" count="3"/>
        <line num="193" type="stmt" count="3"/>
        <line num="194" type="stmt" count="1"/>
        <line num="195" type="stmt" count="1"/>
        <line num="197" type="stmt" count="3"/>
        <line num="198" type="stmt" count="3"/>
        <line num="199" type="stmt" count="3"/>
        <line num="201" type="stmt" count="3"/>
        <line num="202" type="stmt" count="3"/>
        <line num="203" type="stmt" count="3"/>
        <line num="205" type="stmt" count="3"/>
        <line num="206" type="stmt" count="2"/>
        <line num="207" type="stmt" count="1"/>
        <line num="208" type="stmt" count="1"/>
        <line num="209" type="stmt" count="1"/>
        <line num="211" type="stmt" count="2"/>
        <line num="213" type="stmt" count="3"/>
        <line num="214" type="stmt" count="3"/>
        <line num="215" type="stmt" count="3"/>
        <line num="218" type="stmt" count="0"/>
        <line num="219" type="stmt" count="0"/>
        <line num="221" type="stmt" count="0"/>
        <line num="223" type="stmt" count="0"/>
        <line num="225" type="stmt" count="0"/>
        <line num="227" type="stmt" count="0"/>
        <line num="228" type="stmt" count="0"/>
        <line num="231" type="stmt" count="0"/>
        <line num="233" type="method" name="anonymous function" complexity="1" crap="1.30" count="3"/>
        <line num="234" type="stmt" count="0"/>
        <line num="235" type="stmt" count="0"/>
        <line num="236" type="stmt" count="3"/>
        <line num="238" type="stmt" count="3"/>
        <line num="241" type="stmt" count="3"/>
        <line num="242" type="stmt" count="0"/>
        <line num="243" type="stmt" count="3"/>
        <line num="245" type="stmt" count="3"/>
        <line num="246" type="stmt" count="3"/>
        <line num="247" type="stmt" count="3"/>
        <line num="248" type="stmt" count="3"/>
        <line num="250" type="stmt" count="3"/>
        <line num="257" type="method" name="PlanosAnuais" visibility="public" complexity="1" crap="1" count="1"/>
        <line num="258" type="stmt" count="1"/>
        <line num="266" type="method" name="buscarDadosPlano" visibility="public" complexity="4" crap="4" count="2"/>
        <line num="270" type="stmt" count="2"/>
        <line num="272" type="stmt" count="2"/>
        <line num="273" type="stmt" count="1"/>
        <line num="274" type="stmt" count="1"/>
        <line num="275" type="stmt" count="1"/>
        <line num="276" type="stmt" count="1"/>
        <line num="277" type="stmt" count="1"/>
        <line num="280" type="stmt" count="2"/>
        <line num="281" type="stmt" count="2"/>
        <line num="282" type="stmt" count="2"/>
        <line num="283" type="stmt" count="2"/>
        <line num="284" type="stmt" count="1"/>
        <line num="285" type="stmt" count="1"/>
        <line num="286" type="stmt" count="1"/>
        <line num="289" type="stmt" count="2"/>
        <line num="290" type="stmt" count="2"/>
        <line num="291" type="stmt" count="2"/>
        <line num="292" type="stmt" count="2"/>
        <line num="293" type="stmt" count="1"/>
        <line num="294" type="stmt" count="1"/>
        <line num="295" type="stmt" count="1"/>
        <line num="298" type="stmt" count="2"/>
        <line num="299" type="stmt" count="2"/>
        <line num="301" type="stmt" count="2"/>
        <line num="302" type="stmt" count="2"/>
        <line num="305" type="stmt" count="2"/>
        <line num="306" type="stmt" count="2"/>
        <line num="308" type="stmt" count="2"/>
        <line num="310" type="stmt" count="2"/>
        <line num="319" type="method" name="salvarPlanejamentoGrupo" visibility="public" complexity="6" crap="6" count="1"/>
        <line num="320" type="stmt" count="1"/>
        <line num="321" type="stmt" count="1"/>
        <line num="324" type="stmt" count="1"/>
        <line num="325" type="stmt" count="1"/>
        <line num="326" type="stmt" count="1"/>
        <line num="327" type="stmt" count="1"/>
        <line num="328" type="stmt" count="1"/>
        <line num="330" type="stmt" count="1"/>
        <line num="331" type="stmt" count="1"/>
        <line num="332" type="stmt" count="1"/>
        <line num="335" type="stmt" count="1"/>
        <line num="336" type="stmt" count="1"/>
        <line num="337" type="stmt" count="1"/>
        <line num="340" type="stmt" count="1"/>
        <line num="341" type="stmt" count="1"/>
        <line num="342" type="stmt" count="1"/>
        <line num="343" type="stmt" count="1"/>
        <line num="346" type="stmt" count="1"/>
        <line num="347" type="stmt" count="1"/>
        <line num="349" type="stmt" count="1"/>
        <line num="352" type="stmt" count="1"/>
        <line num="353" type="stmt" count="1"/>
        <line num="356" type="stmt" count="1"/>
        <line num="357" type="stmt" count="1"/>
        <line num="358" type="stmt" count="1"/>
        <line num="359" type="stmt" count="1"/>
        <line num="360" type="stmt" count="1"/>
        <line num="361" type="stmt" count="1"/>
        <line num="362" type="stmt" count="1"/>
        <line num="363" type="stmt" count="1"/>
        <line num="364" type="stmt" count="1"/>
        <line num="366" type="stmt" count="1"/>
        <line num="367" type="stmt" count="1"/>
        <line num="368" type="stmt" count="1"/>
        <line num="370" type="stmt" count="1"/>
        <line num="371" type="stmt" count="1"/>
        <line num="372" type="stmt" count="1"/>
        <line num="380" type="method" name="salvarPlanejamentoItem" visibility="public" complexity="6" crap="6" count="1"/>
        <line num="381" type="stmt" count="1"/>
        <line num="382" type="stmt" count="1"/>
        <line num="384" type="stmt" count="1"/>
        <line num="387" type="stmt" count="1"/>
        <line num="388" type="stmt" count="1"/>
        <line num="389" type="stmt" count="1"/>
        <line num="392" type="stmt" count="1"/>
        <line num="393" type="stmt" count="1"/>
        <line num="394" type="stmt" count="1"/>
        <line num="395" type="stmt" count="1"/>
        <line num="397" type="stmt" count="1"/>
        <line num="399" type="stmt" count="1"/>
        <line num="400" type="stmt" count="1"/>
        <line num="403" type="stmt" count="1"/>
        <line num="404" type="stmt" count="1"/>
        <line num="405" type="stmt" count="1"/>
        <line num="406" type="stmt" count="1"/>
        <line num="409" type="stmt" count="1"/>
        <line num="411" type="stmt" count="1"/>
        <line num="413" type="stmt" count="1"/>
        <line num="414" type="stmt" count="1"/>
        <line num="416" type="stmt" count="1"/>
        <line num="419" type="stmt" count="1"/>
        <line num="420" type="stmt" count="1"/>
        <line num="421" type="stmt" count="1"/>
        <line num="422" type="stmt" count="1"/>
        <line num="423" type="stmt" count="1"/>
        <line num="424" type="stmt" count="1"/>
        <line num="425" type="stmt" count="1"/>
        <line num="426" type="stmt" count="1"/>
        <line num="427" type="stmt" count="1"/>
        <line num="429" type="stmt" count="1"/>
        <line num="430" type="stmt" count="1"/>
        <line num="431" type="stmt" count="1"/>
        <line num="433" type="stmt" count="1"/>
        <line num="435" type="stmt" count="1"/>
        <line num="443" type="method" name="countItensGrupo" visibility="public" complexity="2" crap="2" count="2"/>
        <line num="444" type="stmt" count="2"/>
        <line num="445" type="stmt" count="2"/>
        <line num="446" type="stmt" count="1"/>
        <line num="448" type="stmt" count="1"/>
        <line num="455" type="method" name="updateItens" visibility="public" complexity="2" crap="2" count="1"/>
        <line num="456" type="stmt" count="1"/>
        <line num="457" type="stmt" count="1"/>
        <line num="458" type="stmt" count="1"/>
        <line num="459" type="stmt" count="1"/>
        <line num="460" type="stmt" count="1"/>
        <line num="461" type="stmt" count="1"/>
        <line num="462" type="stmt" count="1"/>
        <line num="468" type="method" name="getItensSituacaoAtual" visibility="public" complexity="3" crap="3" count="1"/>
        <line num="469" type="stmt" count="1"/>
        <line num="471" type="stmt" count="1"/>
        <line num="473" type="stmt" count="1"/>
        <line num="474" type="stmt" count="1"/>
        <line num="475" type="stmt" count="1"/>
        <line num="476" type="stmt" count="1"/>
        <line num="477" type="stmt" count="1"/>
        <line num="478" type="stmt" count="1"/>
        <line num="480" type="stmt" count="1"/>
        <line num="481" type="stmt" count="1"/>
        <line num="483" type="stmt" count="1"/>
        <line num="491" type="method" name="buscarSituacoesUsuarioCompetente" visibility="public" complexity="3" crap="3" count="2"/>
        <line num="492" type="stmt" count="2"/>
        <line num="494" type="stmt" count="2"/>
        <line num="496" type="stmt" count="2"/>
        <line num="497" type="stmt" count="2"/>
        <line num="498" type="stmt" count="2"/>
        <line num="499" type="stmt" count="1"/>
        <line num="500" type="stmt" count="1"/>
        <line num="501" type="stmt" count="1"/>
        <line num="502" type="stmt" count="2"/>
        <line num="503" type="stmt" count="2"/>
        <line num="510" type="method" name="verificarUsuarioEPlano" visibility="public" complexity="3" crap="3" count="2"/>
        <line num="511" type="stmt" count="2"/>
        <line num="512" type="stmt" count="2"/>
        <line num="513" type="stmt" count="2"/>
        <line num="515" type="stmt" count="2"/>
        <line num="516" type="stmt" count="2"/>
        <line num="517" type="stmt" count="2"/>
        <line num="518" type="stmt" count="2"/>
        <line num="520" type="stmt" count="2"/>
        <line num="521" type="stmt" count="1"/>
        <line num="522" type="stmt" count="1"/>
        <line num="524" type="stmt" count="2"/>
        <line num="532" type="method" name="enviarParaMP" visibility="public" complexity="6" crap="6" count="5"/>
        <line num="534" type="stmt" count="5"/>
        <line num="535" type="stmt" count="5"/>
        <line num="537" type="stmt" count="5"/>
        <line num="538" type="stmt" count="5"/>
        <line num="539" type="stmt" count="5"/>
        <line num="541" type="stmt" count="5"/>
        <line num="543" type="stmt" count="3"/>
        <line num="544" type="stmt" count="2"/>
        <line num="545" type="stmt" count="2"/>
        <line num="546" type="stmt" count="2"/>
        <line num="547" type="stmt" count="2"/>
        <line num="548" type="stmt" count="2"/>
        <line num="549" type="stmt" count="2"/>
        <line num="550" type="stmt" count="2"/>
        <line num="551" type="stmt" count="1"/>
        <line num="552" type="stmt" count="1"/>
        <line num="553" type="stmt" count="1"/>
        <line num="554" type="stmt" count="1"/>
        <line num="555" type="stmt" count="1"/>
        <line num="556" type="stmt" count="1"/>
        <line num="558" type="stmt" count="3"/>
        <line num="559" type="stmt" count="2"/>
        <line num="561" type="stmt" count="5"/>
        <line num="563" type="stmt" count="5"/>
        <line num="564" type="stmt" count="2"/>
        <line num="565" type="stmt" count="1"/>
        <line num="566" type="stmt" count="1"/>
        <line num="567" type="stmt" count="1"/>
        <line num="570" type="stmt" count="2"/>
        <line num="572" type="stmt" count="3"/>
        <line num="579" type="method" name="enviarParaMPAposLimite" visibility="public" complexity="1" crap="1" count="1"/>
        <line num="580" type="stmt" count="1"/>
        <line num="581" type="stmt" count="1"/>
        <line num="583" type="stmt" count="1"/>
        <line num="584" type="stmt" count="1"/>
        <line num="585" type="stmt" count="1"/>
        <line num="586" type="stmt" count="1"/>
        <line num="587" type="stmt" count="1"/>
        <line num="588" type="stmt" count="1"/>
        <line num="589" type="stmt" count="1"/>
        <line num="595" type="method" name="verificarSituacaoPlanoAnual" visibility="public" complexity="8" crap="8" count="4"/>
        <line num="596" type="stmt" count="4"/>
        <line num="597" type="stmt" count="4"/>
        <line num="598" type="stmt" count="4"/>
        <line num="600" type="stmt" count="4"/>
        <line num="601" type="stmt" count="4"/>
        <line num="602" type="stmt" count="4"/>
        <line num="603" type="stmt" count="4"/>
        <line num="606" type="stmt" count="4"/>
        <line num="607" type="stmt" count="4"/>
        <line num="608" type="stmt" count="4"/>
        <line num="609" type="stmt" count="4"/>
        <line num="610" type="stmt" count="4"/>
        <line num="611" type="stmt" count="4"/>
        <line num="612" type="stmt" count="4"/>
        <line num="614" type="stmt" count="4"/>
        <line num="616" type="stmt" count="2"/>
        <line num="617" type="stmt" count="2"/>
        <line num="618" type="stmt" count="1"/>
        <line num="619" type="stmt" count="1"/>
        <line num="621" type="stmt" count="2"/>
        <line num="622" type="stmt" count="1"/>
        <line num="623" type="stmt" count="1"/>
        <line num="624" type="stmt" count="2"/>
        <line num="626" type="stmt" count="4"/>
        <line num="634" type="method" name="gerarBotoesDataTables" visibility="public" complexity="24" crap="24" count="8"/>
        <line num="635" type="stmt" count="8"/>
        <line num="636" type="stmt" count="8"/>
        <line num="637" type="stmt" count="8"/>
        <line num="638" type="stmt" count="8"/>
        <line num="639" type="stmt" count="8"/>
        <line num="640" type="stmt" count="8"/>
        <line num="642" type="stmt" count="8"/>
        <line num="643" type="stmt" count="6"/>
        <line num="644" type="stmt" count="6"/>
        <line num="645" type="stmt" count="6"/>
        <line num="647" type="stmt" count="8"/>
        <line num="648" type="stmt" count="8"/>
        <line num="649" type="stmt" count="8"/>
        <line num="650" type="stmt" count="8"/>
        <line num="651" type="stmt" count="8"/>
        <line num="652" type="stmt" count="8"/>
        <line num="655" type="stmt" count="8"/>
        <line num="656" type="stmt" count="8"/>
        <line num="657" type="stmt" count="8"/>
        <line num="658" type="stmt" count="8"/>
        <line num="660" type="stmt" count="8"/>
        <line num="661" type="stmt" count="1"/>
        <line num="662" type="stmt" count="1"/>
        <line num="663" type="stmt" count="8"/>
        <line num="664" type="stmt" count="1"/>
        <line num="665" type="stmt" count="1"/>
        <line num="666" type="stmt" count="1"/>
        <line num="668" type="stmt" count="8"/>
        <line num="669" type="stmt" count="1"/>
        <line num="670" type="stmt" count="1"/>
        <line num="672" type="stmt" count="8"/>
        <line num="673" type="stmt" count="5"/>
        <line num="674" type="stmt" count="5"/>
        <line num="675" type="stmt" count="8"/>
        <line num="676" type="stmt" count="7"/>
        <line num="677" type="stmt" count="7"/>
        <line num="679" type="stmt" count="8"/>
        <line num="680" type="stmt" count="8"/>
        <line num="681" type="stmt" count="8"/>
        <line num="682" type="stmt" count="8"/>
        <line num="684" type="stmt" count="8"/>
        <line num="686" type="stmt" count="8"/>
        <line num="687" type="stmt" count="6"/>
        <line num="688" type="stmt" count="1"/>
        <line num="689" type="stmt" count="1"/>
        <line num="690" type="stmt" count="1"/>
        <line num="691" type="stmt" count="1"/>
        <line num="693" type="stmt" count="6"/>
        <line num="694" type="stmt" count="1"/>
        <line num="695" type="stmt" count="1"/>
        <line num="696" type="stmt" count="6"/>
        <line num="698" type="stmt" count="8"/>
        <line num="705" type="method" name="verificarUsuarioAutoridadeCompetente" visibility="public" complexity="3" crap="3" count="3"/>
        <line num="706" type="stmt" count="3"/>
        <line num="707" type="stmt" count="2"/>
        <line num="708" type="stmt" count="2"/>
        <line num="710" type="stmt" count="1"/>
        <line num="719" type="method" name="validarDadosObrigatorios" visibility="public" complexity="4" crap="4" count="6"/>
        <line num="721" type="stmt" count="3"/>
        <line num="722" type="stmt" count="6"/>
        <line num="724" type="stmt" count="3"/>
        <line num="726" type="stmt" count="2"/>
        <line num="728" type="stmt" count="2"/>
        <line num="729" type="stmt" count="2"/>
        <line num="732" type="stmt" count="1"/>
        <line num="734" type="stmt" count="1"/>
        <line num="737" type="stmt" count="3"/>
        <line num="738" type="stmt" count="1"/>
        <line num="741" type="stmt" count="2"/>
        <line num="748" type="method" name="getDadosToXls" visibility="public" complexity="10" crap="10" count="1"/>
        <line num="750" type="stmt" count="1"/>
        <line num="751" type="stmt" count="1"/>
        <line num="752" type="stmt" count="1"/>
        <line num="753" type="stmt" count="1"/>
        <line num="754" type="stmt" count="1"/>
        <line num="755" type="stmt" count="1"/>
        <line num="756" type="stmt" count="1"/>
        <line num="757" type="stmt" count="1"/>
        <line num="758" type="stmt" count="1"/>
        <line num="759" type="stmt" count="1"/>
        <line num="760" type="stmt" count="1"/>
        <line num="761" type="stmt" count="1"/>
        <line num="762" type="stmt" count="1"/>
        <line num="763" type="stmt" count="1"/>
        <line num="764" type="stmt" count="1"/>
        <line num="765" type="stmt" count="1"/>
        <line num="766" type="stmt" count="1"/>
        <line num="767" type="stmt" count="1"/>
        <line num="769" type="stmt" count="1"/>
        <line num="771" type="stmt" count="1"/>
        <line num="772" type="stmt" count="1"/>
        <line num="774" type="stmt" count="1"/>
        <line num="775" type="stmt" count="1"/>
        <line num="776" type="stmt" count="1"/>
        <line num="779" type="stmt" count="1"/>
        <line num="780" type="stmt" count="1"/>
        <line num="781" type="stmt" count="1"/>
        <line num="782" type="stmt" count="1"/>
        <line num="785" type="stmt" count="1"/>
        <line num="786" type="stmt" count="1"/>
        <line num="787" type="stmt" count="1"/>
        <line num="788" type="stmt" count="1"/>
        <line num="789" type="stmt" count="1"/>
        <line num="790" type="stmt" count="1"/>
        <line num="791" type="stmt" count="1"/>
        <line num="792" type="stmt" count="1"/>
        <line num="793" type="stmt" count="1"/>
        <line num="794" type="stmt" count="1"/>
        <line num="795" type="stmt" count="1"/>
        <line num="799" type="stmt" count="1"/>
        <line num="800" type="stmt" count="1"/>
        <line num="801" type="stmt" count="1"/>
        <line num="802" type="stmt" count="1"/>
        <line num="803" type="stmt" count="1"/>
        <line num="804" type="stmt" count="1"/>
        <line num="805" type="stmt" count="1"/>
        <line num="806" type="stmt" count="1"/>
        <line num="807" type="stmt" count="1"/>
        <line num="808" type="stmt" count="1"/>
        <line num="809" type="stmt" count="1"/>
        <line num="810" type="stmt" count="1"/>
        <line num="811" type="stmt" count="1"/>
        <line num="812" type="stmt" count="1"/>
        <line num="813" type="stmt" count="1"/>
        <line num="814" type="stmt" count="1"/>
        <line num="815" type="stmt" count="1"/>
        <line num="816" type="stmt" count="1"/>
        <line num="818" type="stmt" count="1"/>
        <line num="822" type="stmt" count="1"/>
        <metrics loc="824" ncloc="640" classes="1" methods="23" coveredmethods="21" conditionals="0" coveredconditionals="0" statements="407" coveredstatements="396" elements="430" coveredelements="417"/>
      </file>
      <file name="/var/www/html/app/Models/ModelControl.php">
        <class name="ModelControl" namespace="App\Models" fullPackage="App" package="App">
          <metrics complexity="14" methods="2" coveredmethods="2" conditionals="0" coveredconditionals="0" statements="32" coveredstatements="32" elements="34" coveredelements="34"/>
        </class>
        <line num="19" type="method" name="setAttributes" visibility="public" complexity="3" crap="3" count="5"/>
        <line num="20" type="stmt" count="5"/>
        <line num="21" type="stmt" count="5"/>
        <line num="22" type="stmt" count="5"/>
        <line num="23" type="stmt" count="5"/>
        <line num="24" type="stmt" count="5"/>
        <line num="25" type="stmt" count="5"/>
        <line num="31" type="method" name="formatAttributes" visibility="public" complexity="11" crap="11" count="4"/>
        <line num="33" type="stmt" count="4"/>
        <line num="34" type="stmt" count="2"/>
        <line num="36" type="stmt" count="2"/>
        <line num="37" type="stmt" count="2"/>
        <line num="40" type="stmt" count="2"/>
        <line num="41" type="stmt" count="1"/>
        <line num="42" type="stmt" count="1"/>
        <line num="44" type="stmt" count="2"/>
        <line num="45" type="stmt" count="1"/>
        <line num="46" type="stmt" count="1"/>
        <line num="47" type="stmt" count="2"/>
        <line num="48" type="stmt" count="2"/>
        <line num="50" type="stmt" count="4"/>
        <line num="51" type="stmt" count="2"/>
        <line num="53" type="stmt" count="2"/>
        <line num="54" type="stmt" count="2"/>
        <line num="55" type="stmt" count="2"/>
        <line num="58" type="stmt" count="2"/>
        <line num="59" type="stmt" count="1"/>
        <line num="60" type="stmt" count="1"/>
        <line num="62" type="stmt" count="2"/>
        <line num="63" type="stmt" count="1"/>
        <line num="64" type="stmt" count="1"/>
        <line num="65" type="stmt" count="2"/>
        <line num="66" type="stmt" count="2"/>
        <line num="67" type="stmt" count="4"/>
        <metrics loc="69" ncloc="52" classes="1" methods="2" coveredmethods="2" conditionals="0" coveredconditionals="0" statements="32" coveredstatements="32" elements="34" coveredelements="34"/>
      </file>
      <file name="/var/www/html/app/Models/Perfils.php">
        <class name="Perfils" namespace="App\Models" fullPackage="App" package="App">
          <metrics complexity="2" methods="2" coveredmethods="2" conditionals="0" coveredconditionals="0" statements="2" coveredstatements="2" elements="4" coveredelements="4"/>
        </class>
        <line num="43" type="method" name="users" visibility="public" complexity="1" crap="1" count="1"/>
        <line num="44" type="stmt" count="1"/>
        <line num="51" type="method" name="uasgs" visibility="public" complexity="1" crap="1" count="1"/>
        <line num="52" type="stmt" count="1"/>
        <metrics loc="54" ncloc="32" classes="1" methods="2" coveredmethods="2" conditionals="0" coveredconditionals="0" statements="2" coveredstatements="2" elements="4" coveredelements="4"/>
      </file>
      <file name="/var/www/html/app/Models/Planejamentos.php">
        <class name="Planejamentos" namespace="App\Models" fullPackage="App" package="App">
          <metrics complexity="3" methods="3" coveredmethods="3" conditionals="0" coveredconditionals="0" statements="3" coveredstatements="3" elements="6" coveredelements="6"/>
        </class>
        <line num="37" type="method" name="estudos" visibility="public" complexity="1" crap="1" count="4"/>
        <line num="39" type="stmt" count="4"/>
        <line num="43" type="method" name="Riscos" visibility="public" complexity="1" crap="1" count="3"/>
        <line num="44" type="stmt" count="3"/>
        <line num="47" type="method" name="Itens" visibility="public" complexity="1" crap="1" count="1"/>
        <line num="48" type="stmt" count="1"/>
        <metrics loc="52" ncloc="37" classes="1" methods="3" coveredmethods="3" conditionals="0" coveredconditionals="0" statements="3" coveredstatements="3" elements="6" coveredelements="6"/>
      </file>
      <file name="/var/www/html/app/Models/PlanosAnuais.php">
        <class name="PlanosAnuais" namespace="App\Models" fullPackage="App" package="App">
          <metrics complexity="8" methods="5" coveredmethods="5" conditionals="0" coveredconditionals="0" statements="21" coveredstatements="21" elements="26" coveredelements="26"/>
        </class>
        <line num="75" type="method" name="itens" visibility="public" complexity="1" crap="1" count="1"/>
        <line num="76" type="stmt" count="1"/>
        <line num="83" type="method" name="consultar" visibility="public" complexity="1" crap="1" count="2"/>
        <line num="84" type="stmt" count="2"/>
        <line num="91" type="method" name="consultarDataTables" visibility="public" complexity="1" crap="1" count="1"/>
        <line num="93" type="stmt" count="1"/>
        <line num="94" type="stmt" count="1"/>
        <line num="96" type="stmt" count="1"/>
        <line num="98" type="stmt" count="1"/>
        <line num="99" type="method" name="anonymous function" complexity="1" crap="1" count="1"/>
        <line num="100" type="stmt" count="1"/>
        <line num="101" type="stmt" count="1"/>
        <line num="111" type="method" name="buscarSituacaoPlanos" visibility="public" complexity="4" crap="4" count="19"/>
        <line num="113" type="stmt" count="19"/>
        <line num="114" type="stmt" count="19"/>
        <line num="116" type="stmt" count="19"/>
        <line num="117" type="stmt" count="17"/>
        <line num="118" type="stmt" count="17"/>
        <line num="119" type="stmt" count="2"/>
        <line num="120" type="stmt" count="2"/>
        <line num="121" type="stmt" count="2"/>
        <line num="122" type="stmt" count="2"/>
        <line num="123" type="stmt" count="2"/>
        <line num="124" type="stmt" count="2"/>
        <line num="125" type="stmt" count="2"/>
        <line num="128" type="stmt" count="19"/>
        <metrics loc="130" ncloc="85" classes="1" methods="5" coveredmethods="5" conditionals="0" coveredconditionals="0" statements="21" coveredstatements="21" elements="26" coveredelements="26"/>
      </file>
      <file name="/var/www/html/app/Models/Riscos.php">
        <class name="Riscos" namespace="App\Models" fullPackage="App" package="App">
          <metrics complexity="7" methods="6" coveredmethods="6" conditionals="0" coveredconditionals="0" statements="14" coveredstatements="14" elements="20" coveredelements="20"/>
        </class>
        <line num="47" type="method" name="Grupos" visibility="public" complexity="1" crap="1" count="1"/>
        <line num="48" type="stmt" count="1"/>
        <line num="55" type="method" name="Planejamentos" visibility="public" complexity="1" crap="1" count="1"/>
        <line num="56" type="stmt" count="1"/>
        <line num="59" type="method" name="getRiscos" visibility="public" complexity="2" crap="2" count="2"/>
        <line num="60" type="stmt" count="2"/>
        <line num="62" type="stmt" count="2"/>
        <line num="63" type="stmt" count="2"/>
        <line num="65" type="stmt" count="1"/>
        <line num="69" type="method" name="apagarRiscosGrupo" visibility="public" complexity="1" crap="1" count="2"/>
        <line num="70" type="stmt" count="2"/>
        <line num="74" type="method" name="pegarDados" visibility="public" complexity="1" crap="1" count="1"/>
        <line num="76" type="stmt" count="1"/>
        <line num="77" type="stmt" count="1"/>
        <line num="79" type="method" name="anonymous function" complexity="1" crap="1" count="1"/>
        <line num="80" type="stmt" count="1"/>
        <line num="81" type="stmt" count="1"/>
        <line num="82" type="stmt" count="1"/>
        <line num="83" type="stmt" count="1"/>
        <line num="84" type="stmt" count="1"/>
        <metrics loc="87" ncloc="64" classes="1" methods="6" coveredmethods="6" conditionals="0" coveredconditionals="0" statements="14" coveredstatements="14" elements="20" coveredelements="20"/>
      </file>
      <file name="/var/www/html/app/Models/Siasg.php">
        <class name="Siasg" namespace="App\Models">
          <metrics complexity="7" methods="2" coveredmethods="2" conditionals="0" coveredconditionals="0" statements="20" coveredstatements="20" elements="22" coveredelements="22"/>
        </class>
        <line num="35" type="method" name="consultar" visibility="public" complexity="5" crap="5" count="1"/>
        <line num="37" type="stmt" count="1"/>
        <line num="39" type="stmt" count="1"/>
        <line num="40" type="stmt" count="1"/>
        <line num="41" type="stmt" count="1"/>
        <line num="43" type="stmt" count="1"/>
        <line num="44" type="stmt" count="1"/>
        <line num="45" type="stmt" count="1"/>
        <line num="47" type="stmt" count="1"/>
        <line num="48" type="stmt" count="1"/>
        <line num="49" type="stmt" count="1"/>
        <line num="51" type="stmt" count="1"/>
        <line num="52" type="stmt" count="1"/>
        <line num="55" type="stmt" count="1"/>
        <line num="56" type="stmt" count="1"/>
        <line num="57" type="method" name="anonymous function" complexity="2" crap="2" count="1"/>
        <line num="59" type="stmt" count="1"/>
        <line num="61" type="stmt" count="1"/>
        <line num="62" type="stmt" count="1"/>
        <line num="63" type="stmt" count="1"/>
        <line num="65" type="stmt" count="1"/>
        <line num="66" type="stmt" count="1"/>
        <line num="67" type="stmt" count="1"/>
        <metrics loc="68" ncloc="63" classes="1" methods="2" coveredmethods="2" conditionals="0" coveredconditionals="0" statements="21" coveredstatements="21" elements="23" coveredelements="23"/>
      </file>
      <file name="/var/www/html/app/Models/Situacoes.php">
        <class name="Situacoes" namespace="App\Models" fullPackage="App" package="App">
          <metrics complexity="0" methods="0" coveredmethods="0" conditionals="0" coveredconditionals="0" statements="0" coveredstatements="0" elements="0" coveredelements="0"/>
        </class>
        <metrics loc="35" ncloc="20" classes="1" methods="0" coveredmethods="0" conditionals="0" coveredconditionals="0" statements="0" coveredstatements="0" elements="0" coveredelements="0"/>
      </file>
      <file name="/var/www/html/app/Models/SubItens.php">
        <class name="SubItens" namespace="App\Models" fullPackage="App" package="App">
          <metrics complexity="0" methods="0" coveredmethods="0" conditionals="0" coveredconditionals="0" statements="0" coveredstatements="0" elements="0" coveredelements="0"/>
        </class>
        <metrics loc="38" ncloc="23" classes="1" methods="0" coveredmethods="0" conditionals="0" coveredconditionals="0" statements="0" coveredstatements="0" elements="0" coveredelements="0"/>
      </file>
      <file name="/var/www/html/app/Models/Uasgs.php">
        <class name="Uasgs" namespace="App\Models" fullPackage="App" package="App">
          <metrics complexity="1" methods="1" coveredmethods="1" conditionals="0" coveredconditionals="0" statements="1" coveredstatements="1" elements="2" coveredelements="2"/>
        </class>
        <line num="39" type="method" name="perfils" visibility="public" complexity="1" crap="1" count="1"/>
        <line num="40" type="stmt" count="1"/>
        <metrics loc="42" ncloc="24" classes="1" methods="1" coveredmethods="1" conditionals="0" coveredconditionals="0" statements="1" coveredstatements="1" elements="2" coveredelements="2"/>
      </file>
    </package>
    <metrics files="14" loc="1727" ncloc="1275" classes="14" methods="59" coveredmethods="57" conditionals="0" coveredconditionals="0" statements="557" coveredstatements="546" elements="616" coveredelements="603"/>
  </project>
</coverage>
